<?xml version="1.0" encoding="UTF-8"?>
<coverage generated="1751876054062" clover="3.2.0">
  <project timestamp="1751876054062" name="All files">
    <metrics statements="34" coveredstatements="33" conditionals="11" coveredconditionals="10" methods="14" coveredmethods="14" elements="59" coveredelements="57" complexity="0" loc="34" ncloc="34" packages="1" files="2" classes="2"/>
    <file name="ClockService.ts" path="/Users/auguste/Documents/Ynov-Cours/M1/Module_tests/ynov_notification_manager/src/ClockService.ts">
      <metrics statements="26" coveredstatements="25" conditionals="9" coveredconditionals="9" methods="11" coveredmethods="11"/>
      <line num="1" count="1" type="stmt"/>
      <line num="3" count="13" type="stmt"/>
      <line num="4" count="13" type="stmt"/>
      <line num="7" count="286" type="cond" truecount="3" falsecount="0"/>
      <line num="13" count="69" type="stmt"/>
      <line num="14" count="69" type="stmt"/>
      <line num="15" count="69" type="stmt"/>
      <line num="16" count="69" type="stmt"/>
      <line num="18" count="69" type="stmt"/>
      <line num="22" count="277" type="stmt"/>
      <line num="23" count="277" type="cond" truecount="2" falsecount="0"/>
      <line num="24" count="16" type="stmt"/>
      <line num="25" count="16" type="stmt"/>
      <line num="27" count="0" type="stmt"/>
      <line num="34" count="4" type="cond" truecount="2" falsecount="0"/>
      <line num="35" count="2" type="stmt"/>
      <line num="36" count="8" type="stmt"/>
      <line num="37" count="8" type="stmt"/>
      <line num="39" count="215" type="stmt"/>
      <line num="40" count="215" type="stmt"/>
      <line num="43" count="4" type="cond" truecount="2" falsecount="0"/>
      <line num="44" count="2" type="stmt"/>
      <line num="45" count="8" type="stmt"/>
      <line num="46" count="8" type="stmt"/>
      <line num="48" count="62" type="stmt"/>
      <line num="49" count="62" type="stmt"/>
    </file>
    <file name="Scheduler.ts" path="/Users/auguste/Documents/Ynov-Cours/M1/Module_tests/ynov_notification_manager/src/Scheduler.ts">
      <metrics statements="8" coveredstatements="8" conditionals="2" coveredconditionals="1" methods="3" coveredmethods="3"/>
      <line num="1" count="1" type="stmt"/>
      <line num="2" count="5" type="stmt"/>
      <line num="5" count="9" type="stmt"/>
      <line num="6" count="9" type="stmt"/>
      <line num="10" count="5" type="stmt"/>
      <line num="11" count="8" type="stmt"/>
      <line num="12" count="8" type="cond" truecount="1" falsecount="1"/>
      <line num="13" count="8" type="stmt"/>
    </file>
  </project>
</coverage>
