{"/Users/auguste/Documents/Ynov-Cours/M1/Module_tests/ynov_notification_manager/src/ClockService.ts": {"path":"/Users/auguste/Documents/Ynov-Cours/M1/Module_tests/ynov_notification_manager/src/ClockService.ts","statementMap":{"0":{"start":{"line":3,"column":10},"end":{"line":3,"column":42}},"1":{"start":{"line":4,"column":10},"end":{"line":4,"column":43}},"2":{"start":{"line":7,"column":4},"end":{"line":9,"column":55}},"3":{"start":{"line":13,"column":25},"end":{"line":13,"column":40}},"4":{"start":{"line":14,"column":4},"end":{"line":14,"column":65}},"5":{"start":{"line":15,"column":25},"end":{"line":15,"column":40}},"6":{"start":{"line":16,"column":4},"end":{"line":16,"column":65}},"7":{"start":{"line":18,"column":4},"end":{"line":18,"column":52}},"8":{"start":{"line":22,"column":4},"end":{"line":30,"column":null}},"9":{"start":{"line":22,"column":27},"end":{"line":30,"column":7}},"10":{"start":{"line":23,"column":6},"end":{"line":29,"column":7}},"11":{"start":{"line":24,"column":8},"end":{"line":28,"column":9}},"12":{"start":{"line":25,"column":10},"end":{"line":25,"column":23}},"13":{"start":{"line":27,"column":10},"end":{"line":27,"column":31}},"14":{"start":{"line":34,"column":4},"end":{"line":42,"column":5}},"15":{"start":{"line":35,"column":6},"end":{"line":41,"column":null}},"16":{"start":{"line":36,"column":8},"end":{"line":36,"column":39}},"17":{"start":{"line":37,"column":8},"end":{"line":37,"column":22}},"18":{"start":{"line":39,"column":20},"end":{"line":39,"column":30}},"19":{"start":{"line":40,"column":8},"end":{"line":40,"column":null}},"20":{"start":{"line":43,"column":4},"end":{"line":51,"column":5}},"21":{"start":{"line":44,"column":6},"end":{"line":50,"column":null}},"22":{"start":{"line":45,"column":8},"end":{"line":45,"column":40}},"23":{"start":{"line":46,"column":8},"end":{"line":46,"column":22}},"24":{"start":{"line":48,"column":20},"end":{"line":48,"column":30}},"25":{"start":{"line":49,"column":8},"end":{"line":49,"column":null}},"26":{"start":{"line":1,"column":0},"end":{"line":1,"column":21}}},"fnMap":{"0":{"name":"(anonymous_7)","decl":{"start":{"line":1,"column":0},"end":{"line":1,"column":21}},"loc":{"start":{"line":1,"column":0},"end":{"line":53,"column":1}}},"1":{"name":"(anonymous_8)","decl":{"start":{"line":6,"column":2},"end":{"line":6,"column":9}},"loc":{"start":{"line":6,"column":34},"end":{"line":10,"column":3}}},"2":{"name":"(anonymous_9)","decl":{"start":{"line":12,"column":2},"end":{"line":12,"column":10}},"loc":{"start":{"line":12,"column":35},"end":{"line":19,"column":3}}},"3":{"name":"(anonymous_10)","decl":{"start":{"line":21,"column":2},"end":{"line":21,"column":16}},"loc":{"start":{"line":21,"column":127},"end":{"line":31,"column":3}}},"4":{"name":"(anonymous_11)","decl":{"start":{"line":22,"column":16},"end":{"line":22,"column":25}},"loc":{"start":{"line":22,"column":27},"end":{"line":30,"column":7}}},"5":{"name":"(anonymous_12)","decl":{"start":{"line":22,"column":27},"end":{"line":22,"column":null}},"loc":{"start":{"line":22,"column":27},"end":{"line":30,"column":5}}},"6":{"name":"(anonymous_13)","decl":{"start":{"line":33,"column":2},"end":{"line":33,"column":4}},"loc":{"start":{"line":33,"column":98},"end":{"line":52,"column":3}}},"7":{"name":"(anonymous_14)","decl":{"start":{"line":35,"column":26},"end":{"line":35,"column":29}},"loc":{"start":{"line":35,"column":31},"end":{"line":38,"column":7}}},"8":{"name":"(anonymous_15)","decl":{"start":{"line":38,"column":42},"end":{"line":38,"column":45}},"loc":{"start":{"line":38,"column":47},"end":{"line":41,"column":7}}},"9":{"name":"(anonymous_16)","decl":{"start":{"line":44,"column":26},"end":{"line":44,"column":29}},"loc":{"start":{"line":44,"column":31},"end":{"line":47,"column":7}}},"10":{"name":"(anonymous_17)","decl":{"start":{"line":47,"column":42},"end":{"line":47,"column":45}},"loc":{"start":{"line":47,"column":47},"end":{"line":50,"column":7}}}},"branchMap":{"0":{"loc":{"start":{"line":7,"column":11},"end":{"line":9,"column":54}},"type":"binary-expr","locations":[{"start":{"line":7,"column":11},"end":{"line":7,"column":46}},{"start":{"line":8,"column":11},"end":{"line":8,"column":48}},{"start":{"line":9,"column":11},"end":{"line":9,"column":54}}]},"1":{"loc":{"start":{"line":23,"column":6},"end":{"line":29,"column":7}},"type":"if","locations":[{"start":{"line":23,"column":6},"end":{"line":29,"column":7}},{"start":{},"end":{}}]},"2":{"loc":{"start":{"line":34,"column":4},"end":{"line":42,"column":5}},"type":"if","locations":[{"start":{"line":34,"column":4},"end":{"line":42,"column":5}},{"start":{},"end":{}}]},"3":{"loc":{"start":{"line":43,"column":4},"end":{"line":51,"column":5}},"type":"if","locations":[{"start":{"line":43,"column":4},"end":{"line":51,"column":5}},{"start":{},"end":{}}]}},"s":{"0":13,"1":13,"2":286,"3":69,"4":69,"5":69,"6":69,"7":69,"8":4,"9":277,"10":277,"11":16,"12":16,"13":0,"14":4,"15":2,"16":8,"17":8,"18":215,"19":215,"20":4,"21":2,"22":8,"23":8,"24":62,"25":62,"26":1},"f":{"0":13,"1":286,"2":69,"3":4,"4":277,"5":277,"6":4,"7":8,"8":215,"9":8,"10":62},"b":{"0":[286,267,267],"1":[16,261],"2":[2,2],"3":[2,2]}}
,"/Users/auguste/Documents/Ynov-Cours/M1/Module_tests/ynov_notification_manager/src/Scheduler.ts": {"path":"/Users/auguste/Documents/Ynov-Cours/M1/Module_tests/ynov_notification_manager/src/Scheduler.ts","statementMap":{"0":{"start":{"line":2,"column":10},"end":{"line":2,"column":46}},"1":{"start":{"line":5,"column":4},"end":{"line":5,"column":26}},"2":{"start":{"line":6,"column":4},"end":{"line":6,"column":16}},"3":{"start":{"line":10,"column":4},"end":{"line":15,"column":5}},"4":{"start":{"line":11,"column":19},"end":{"line":11,"column":37}},"5":{"start":{"line":12,"column":6},"end":{"line":14,"column":7}},"6":{"start":{"line":13,"column":8},"end":{"line":13,"column":21}},"7":{"start":{"line":1,"column":0},"end":{"line":1,"column":21}}},"fnMap":{"0":{"name":"(anonymous_7)","decl":{"start":{"line":1,"column":0},"end":{"line":1,"column":21}},"loc":{"start":{"line":1,"column":0},"end":{"line":17,"column":1}}},"1":{"name":"(anonymous_8)","decl":{"start":{"line":4,"column":2},"end":{"line":4,"column":9}},"loc":{"start":{"line":4,"column":35},"end":{"line":7,"column":3}}},"2":{"name":"(anonymous_9)","decl":{"start":{"line":9,"column":8},"end":{"line":9,"column":11}},"loc":{"start":{"line":9,"column":11},"end":{"line":16,"column":null}}}},"branchMap":{"0":{"loc":{"start":{"line":12,"column":6},"end":{"line":14,"column":7}},"type":"if","locations":[{"start":{"line":12,"column":6},"end":{"line":14,"column":7}},{"start":{},"end":{}}]}},"s":{"0":5,"1":9,"2":9,"3":5,"4":8,"5":8,"6":8,"7":1},"f":{"0":5,"1":9,"2":5},"b":{"0":[8,0]}}
}
