TN:
SF:src/ClockService.ts
FN:1,(anonymous_7)
FN:6,(anonymous_8)
FN:12,(anonymous_9)
FN:21,(anonymous_10)
FN:22,(anonymous_11)
FN:22,(anonymous_12)
FN:33,(anonymous_13)
FN:35,(anonymous_14)
FN:38,(anonymous_15)
FN:44,(anonymous_16)
FN:47,(anonymous_17)
FNF:11
FNH:11
FNDA:13,(anonymous_7)
FNDA:286,(anonymous_8)
FNDA:69,(anonymous_9)
FNDA:4,(anonymous_10)
FNDA:277,(anonymous_11)
FNDA:277,(anonymous_12)
FNDA:4,(anonymous_13)
FNDA:8,(anonymous_14)
FNDA:215,(anonymous_15)
FNDA:8,(anonymous_16)
FNDA:62,(anonymous_17)
DA:1,1
DA:3,13
DA:4,13
DA:7,286
DA:13,69
DA:14,69
DA:15,69
DA:16,69
DA:18,69
DA:22,277
DA:23,277
DA:24,16
DA:25,16
DA:27,0
DA:34,4
DA:35,2
DA:36,8
DA:37,8
DA:39,215
DA:40,215
DA:43,4
DA:44,2
DA:45,8
DA:46,8
DA:48,62
DA:49,62
LF:26
LH:25
BRDA:7,0,0,286
BRDA:7,0,1,267
BRDA:7,0,2,267
BRDA:23,1,0,16
BRDA:23,1,1,261
BRDA:34,2,0,2
BRDA:34,2,1,2
BRDA:43,3,0,2
BRDA:43,3,1,2
BRF:9
BRH:9
end_of_record
TN:
SF:src/Scheduler.ts
FN:1,(anonymous_7)
FN:4,(anonymous_8)
FN:9,(anonymous_9)
FNF:3
FNH:3
FNDA:5,(anonymous_7)
FNDA:9,(anonymous_8)
FNDA:5,(anonymous_9)
DA:1,1
DA:2,5
DA:5,9
DA:6,9
DA:10,5
DA:11,8
DA:12,8
DA:13,8
LF:8
LH:8
BRDA:12,0,0,8
BRDA:12,0,1,0
BRF:2
BRH:1
end_of_record
